<?xml version="1.0" encoding="UTF-8"?>
<!-- Generated by org.testng.reporters.JUnitReportReporter -->
<testsuite skipped="0" hostname="REMMAC45W5G3QC" name="automation.PAN.AppTest" tests="1" failures="0" timestamp="26 Mar 2018 11:36:12 GMT" time="4.493" errors="0">
  <testcase name="testApp" time="4.493" classname="automation.PAN.AppTest"/>
</testsuite> <!-- automation.PAN.AppTest -->
