<?xml version="1.0" encoding="UTF-8"?>
<!-- Generated by org.testng.reporters.JUnitReportReporter -->
<testsuite skipped="0" hostname="REMMAC45W5G3QC" name="automation.PAN.AppTest" tests="1" failures="0" timestamp="08 May 2018 16:28:39 GMT" time="26.802" errors="0">
  <testcase name="testApp" time="26.802" classname="automation.PAN.AppTest"/>
</testsuite> <!-- automation.PAN.AppTest -->
